<?xml version="1.0" encoding="UTF-8"?>
<testsuite xmlns:xsi="http://www.w3.org/2001/XMLSchema-instance" xsi:noNamespaceSchemaLocation="https://maven.apache.org/surefire/maven-surefire-plugin/xsd/surefire-test-report-3.0.xsd" version="3.0" name="com.example.spring_demo.integratieTests.ProductControllerTest" time="7.475" tests="7" errors="0" skipped="0" failures="0">
  <properties>
[...]
</properties>
  <testcase name="validate_that_when_searching_on_non_existing_number_gives_not_found_http_response" classname="com.example.spring_demo.integratieTests.ProductControllerTest" time="0.466">
    <system-out><![CDATA[23:45:30.174 [ForkJoinPool-1-worker-1] INFO org.springframework.test.context.support.AnnotationConfigContextLoaderUtils -- Could not detect default configuration classes for test class [com.example.spring_demo.integratieTests.ProductControllerTest]: ProductControllerTest does not declare any static, non-private, non-final, nested classes annotated with @Configuration.
23:45:30.209 [ForkJoinPool-1-worker-1] INFO org.testcontainers.images.PullPolicy -- Image pull policy will be performed by: DefaultPullPolicy()
23:45:30.211 [ForkJoinPool-1-worker-1] INFO org.testcontainers.utility.ImageNameSubstitutor -- Image name substitution will be performed by: DefaultImageNameSubstitutor (composite of 'ConfigurationFileImageNameSubstitutor' and 'PrefixingImageNameSubstitutor')
23:45:30.498 [ForkJoinPool-1-worker-1] INFO org.testcontainers.dockerclient.DockerClientProviderStrategy -- Found Docker environment with Testcontainers Host with tc.host=tcp://127.0.0.1:63364
23:45:30.498 [ForkJoinPool-1-worker-1] INFO org.testcontainers.DockerClientFactory -- Docker host IP address is 127.0.0.1
23:45:30.512 [ForkJoinPool-1-worker-1] INFO org.testcontainers.DockerClientFactory -- Connected to docker: 
  Server Version: 27.3.1 (via Testcontainers Desktop 1.18.0)
  API Version: 1.47
  Operating System: Docker Desktop
  Total Memory: 7837 MB
23:45:30.515 [ForkJoinPool-1-worker-1] INFO org.testcontainers.DockerClientFactory -- Checking the system...
23:45:30.515 [ForkJoinPool-1-worker-1] INFO org.testcontainers.DockerClientFactory -- ✔︎ Docker server version should be at least 1.6.0
23:45:30.597 [ForkJoinPool-1-worker-1] INFO org.springframework.boot.test.context.SpringBootTestContextBootstrapper -- Found @SpringBootConfiguration com.example.spring_demo.SpringDemoApplication for test class com.example.spring_demo.integratieTests.ProductControllerTest
23:45:30.662 [ForkJoinPool-1-worker-1] INFO tc.apache/kafka:latest -- Creating container for image: apache/kafka:latest
23:45:30.815 [ForkJoinPool-1-worker-1] INFO tc.testcontainers/ryuk:0.7.0 -- Creating container for image: testcontainers/ryuk:0.7.0
23:45:30.927 [ForkJoinPool-1-worker-1] INFO tc.testcontainers/ryuk:0.7.0 -- Container testcontainers/ryuk:0.7.0 is starting: 8ba4520e0e3e002aaa1263f7206edc805b8b52aee4836593cb77f2df40131448
23:45:31.196 [ForkJoinPool-1-worker-1] INFO tc.testcontainers/ryuk:0.7.0 -- Container testcontainers/ryuk:0.7.0 started in PT0.380369S
23:45:31.229 [ForkJoinPool-1-worker-1] INFO tc.apache/kafka:latest -- Container apache/kafka:latest is starting: 226f96c6532da0689d6699b7e002e0569c0a22d932c1a647cd8c2a7c4ecf656d
23:45:33.134 [ForkJoinPool-1-worker-1] INFO tc.apache/kafka:latest -- Container apache/kafka:latest started in PT2.47186S
23:45:33.134 [ForkJoinPool-1-worker-1] INFO tc.postgres:17-alpine -- Creating container for image: postgres:17-alpine
23:45:33.165 [ForkJoinPool-1-worker-1] INFO tc.postgres:17-alpine -- Container postgres:17-alpine is starting: 571b3b49ca0807784658165989bdd24e8e65fc721951c38f1208e013471662db
23:45:34.139 [ForkJoinPool-1-worker-1] INFO tc.postgres:17-alpine -- Container postgres:17-alpine started in PT1.004763S
23:45:34.140 [ForkJoinPool-1-worker-1] INFO tc.postgres:17-alpine -- Container is started (JDBC URL: jdbc:postgresql://127.0.0.1:52666/test?loggerLevel=OFF)

  .   ____          _            __ _ _
 /\\ / ___'_ __ _ _(_)_ __  __ _ \ \ \ \
( ( )\___ | '_ | '_| | '_ \/ _` | \ \ \ \
 \\/  ___)| |_)| | | | | || (_| |  ) ) ) )
  '  |____| .__|_| |_|_| |_\__, | / / / /
 =========|_|==============|___/=/_/_/_/

 :: Spring Boot ::                (v3.3.5)

2024-11-29T23:45:34.318+01:00  INFO 11615 --- [Spring demo] [Pool-1-worker-1] c.e.s.i.ProductControllerTest            : Starting ProductControllerTest using Java 21.0.4 with PID 11615 (started by stefanvanechtelt in /Users/stefanvanechtelt/Documents/projects/java_magazine_testcontainers/spring-demo/Spring demo)
2024-11-29T23:45:34.319+01:00  INFO 11615 --- [Spring demo] [Pool-1-worker-1] c.e.s.i.ProductControllerTest            : No active profile set, falling back to 1 default profile: "default"
2024-11-29T23:45:34.633+01:00  INFO 11615 --- [Spring demo] [Pool-1-worker-1] .s.d.r.c.RepositoryConfigurationDelegate : Bootstrapping Spring Data JPA repositories in DEFAULT mode.
2024-11-29T23:45:34.660+01:00  INFO 11615 --- [Spring demo] [Pool-1-worker-1] .s.d.r.c.RepositoryConfigurationDelegate : Finished Spring Data repository scanning in 23 ms. Found 1 JPA repository interface.
2024-11-29T23:45:34.911+01:00  INFO 11615 --- [Spring demo] [Pool-1-worker-1] o.hibernate.jpa.internal.util.LogHelper  : HHH000204: Processing PersistenceUnitInfo [name: default]
2024-11-29T23:45:34.939+01:00  INFO 11615 --- [Spring demo] [Pool-1-worker-1] org.hibernate.Version                    : HHH000412: Hibernate ORM core version 6.5.3.Final
2024-11-29T23:45:34.954+01:00  INFO 11615 --- [Spring demo] [Pool-1-worker-1] o.h.c.internal.RegionFactoryInitiator    : HHH000026: Second-level cache disabled
2024-11-29T23:45:35.077+01:00  INFO 11615 --- [Spring demo] [Pool-1-worker-1] o.s.o.j.p.SpringPersistenceUnitInfo      : No LoadTimeWeaver setup: ignoring JPA class transformer
2024-11-29T23:45:35.090+01:00  INFO 11615 --- [Spring demo] [Pool-1-worker-1] com.zaxxer.hikari.HikariDataSource       : HikariPool-1 - Starting...
2024-11-29T23:45:35.199+01:00  INFO 11615 --- [Spring demo] [Pool-1-worker-1] com.zaxxer.hikari.pool.HikariPool        : HikariPool-1 - Added connection org.postgresql.jdbc.PgConnection@9ae6720
2024-11-29T23:45:35.200+01:00  INFO 11615 --- [Spring demo] [Pool-1-worker-1] com.zaxxer.hikari.HikariDataSource       : HikariPool-1 - Start completed.
2024-11-29T23:45:35.830+01:00  INFO 11615 --- [Spring demo] [Pool-1-worker-1] o.h.e.t.j.p.i.JtaPlatformInitiator       : HHH000489: No JTA platform available (set 'hibernate.transaction.jta.platform' to enable JTA platform integration)
2024-11-29T23:45:35.861+01:00  INFO 11615 --- [Spring demo] [Pool-1-worker-1] j.LocalContainerEntityManagerFactoryBean : Initialized JPA EntityManagerFactory for persistence unit 'default'
2024-11-29T23:45:36.038+01:00  WARN 11615 --- [Spring demo] [Pool-1-worker-1] JpaBaseConfiguration$JpaWebConfiguration : spring.jpa.open-in-view is enabled by default. Therefore, database queries may be performed during view rendering. Explicitly configure spring.jpa.open-in-view to disable this warning
2024-11-29T23:45:36.226+01:00  INFO 11615 --- [Spring demo] [Pool-1-worker-1] o.s.b.t.m.w.SpringBootMockServletContext : Initializing Spring TestDispatcherServlet ''
2024-11-29T23:45:36.226+01:00  INFO 11615 --- [Spring demo] [Pool-1-worker-1] o.s.t.web.servlet.TestDispatcherServlet  : Initializing Servlet ''
2024-11-29T23:45:36.227+01:00  INFO 11615 --- [Spring demo] [Pool-1-worker-1] o.s.t.web.servlet.TestDispatcherServlet  : Completed initialization in 1 ms
2024-11-29T23:45:36.242+01:00  INFO 11615 --- [Spring demo] [Pool-1-worker-1] c.e.s.i.ProductControllerTest            : Started ProductControllerTest in 2.072 seconds (process running for 6.604)
]]></system-out>
    <system-err><![CDATA[Nov 29, 2024 11:45:29 PM org.junit.platform.launcher.core.LauncherConfigurationParameters loadClasspathResource
WARNING: Discovered 3 'junit-platform.properties' configuration files in the classpath; only the first will be used.
Nov 29, 2024 11:45:29 PM org.junit.platform.launcher.core.LauncherConfigurationParameters loadClasspathResource
WARNING: Discovered 3 'junit-platform.properties' configuration files in the classpath; only the first will be used.
Nov 29, 2024 11:45:29 PM org.junit.platform.launcher.core.LauncherConfigurationParameters loadClasspathResource
WARNING: Discovered 3 'junit-platform.properties' configuration files in the classpath; only the first will be used.
Nov 29, 2024 11:45:29 PM org.junit.platform.launcher.core.LauncherConfigurationParameters loadClasspathResource
WARNING: Discovered 3 'junit-platform.properties' configuration files in the classpath; only the first will be used.
Nov 29, 2024 11:45:30 PM org.junit.platform.launcher.core.LauncherConfigurationParameters loadClasspathResource
WARNING: Discovered 3 'junit-platform.properties' configuration files in the classpath; only the first will be used.
WARNING: A Java agent has been loaded dynamically (/Users/stefanvanechtelt/.m2/repository/net/bytebuddy/byte-buddy-agent/1.14.19/byte-buddy-agent-1.14.19.jar)
WARNING: If a serviceability tool is in use, please run with -XX:+EnableDynamicAgentLoading to hide this warning
WARNING: If a serviceability tool is not in use, please run with -Djdk.instrument.traceUsage for more information
WARNING: Dynamic loading of agents will be disallowed by default in a future release
]]></system-err>
  </testcase>
  <testcase name="validate_that_when_deleting_item_200_response_is_returned" classname="com.example.spring_demo.integratieTests.ProductControllerTest" time="0.486">
    <system-out><![CDATA[2024-11-29T23:45:36.755+01:00  INFO 11615 --- [Spring demo] [Pool-1-worker-1] c.e.spring_demo.kafka.KafkaProducer      : send topic product payload {"id":1,"name":"test","price":2.0,"description":"description_1"}
2024-11-29T23:45:36.775+01:00  INFO 11615 --- [Spring demo] [Pool-1-worker-1] o.a.k.clients.producer.ProducerConfig    : ProducerConfig values: 
	acks = -1
	auto.include.jmx.reporter = true
	batch.size = 16384
	bootstrap.servers = [127.0.0.1:52655]
	buffer.memory = 33554432
	client.dns.lookup = use_all_dns_ips
	client.id = Spring demo-producer-1
	compression.type = none
	connections.max.idle.ms = 540000
	delivery.timeout.ms = 120000
	enable.idempotence = true
	enable.metrics.push = true
	interceptor.classes = []
	key.serializer = class org.apache.kafka.common.serialization.StringSerializer
	linger.ms = 0
	max.block.ms = 60000
	max.in.flight.requests.per.connection = 5
	max.request.size = 1048576
	metadata.max.age.ms = 300000
	metadata.max.idle.ms = 300000
	metric.reporters = []
	metrics.num.samples = 2
	metrics.recording.level = INFO
	metrics.sample.window.ms = 30000
	partitioner.adaptive.partitioning.enable = true
	partitioner.availability.timeout.ms = 0
	partitioner.class = null
	partitioner.ignore.keys = false
	receive.buffer.bytes = 32768
	reconnect.backoff.max.ms = 1000
	reconnect.backoff.ms = 50
	request.timeout.ms = 30000
	retries = 2147483647
	retry.backoff.max.ms = 1000
	retry.backoff.ms = 100
	sasl.client.callback.handler.class = null
	sasl.jaas.config = null
	sasl.kerberos.kinit.cmd = /usr/bin/kinit
	sasl.kerberos.min.time.before.relogin = 60000
	sasl.kerberos.service.name = null
	sasl.kerberos.ticket.renew.jitter = 0.05
	sasl.kerberos.ticket.renew.window.factor = 0.8
	sasl.login.callback.handler.class = null
	sasl.login.class = null
	sasl.login.connect.timeout.ms = null
	sasl.login.read.timeout.ms = null
	sasl.login.refresh.buffer.seconds = 300
	sasl.login.refresh.min.period.seconds = 60
	sasl.login.refresh.window.factor = 0.8
	sasl.login.refresh.window.jitter = 0.05
	sasl.login.retry.backoff.max.ms = 10000
	sasl.login.retry.backoff.ms = 100
	sasl.mechanism = GSSAPI
	sasl.oauthbearer.clock.skew.seconds = 30
	sasl.oauthbearer.expected.audience = null
	sasl.oauthbearer.expected.issuer = null
	sasl.oauthbearer.jwks.endpoint.refresh.ms = 3600000
	sasl.oauthbearer.jwks.endpoint.retry.backoff.max.ms = 10000
	sasl.oauthbearer.jwks.endpoint.retry.backoff.ms = 100
	sasl.oauthbearer.jwks.endpoint.url = null
	sasl.oauthbearer.scope.claim.name = scope
	sasl.oauthbearer.sub.claim.name = sub
	sasl.oauthbearer.token.endpoint.url = null
	security.protocol = PLAINTEXT
	security.providers = null
	send.buffer.bytes = 131072
	socket.connection.setup.timeout.max.ms = 30000
	socket.connection.setup.timeout.ms = 10000
	ssl.cipher.suites = null
	ssl.enabled.protocols = [TLSv1.2, TLSv1.3]
	ssl.endpoint.identification.algorithm = https
	ssl.engine.factory.class = null
	ssl.key.password = null
	ssl.keymanager.algorithm = SunX509
	ssl.keystore.certificate.chain = null
	ssl.keystore.key = null
	ssl.keystore.location = null
	ssl.keystore.password = null
	ssl.keystore.type = JKS
	ssl.protocol = TLSv1.3
	ssl.provider = null
	ssl.secure.random.implementation = null
	ssl.trustmanager.algorithm = PKIX
	ssl.truststore.certificates = null
	ssl.truststore.location = null
	ssl.truststore.password = null
	ssl.truststore.type = JKS
	transaction.timeout.ms = 60000
	transactional.id = null
	value.serializer = class org.apache.kafka.common.serialization.StringSerializer

2024-11-29T23:45:36.799+01:00  INFO 11615 --- [Spring demo] [Pool-1-worker-1] o.a.k.c.t.i.KafkaMetricsCollector        : initializing Kafka metrics collector
2024-11-29T23:45:36.862+01:00  INFO 11615 --- [Spring demo] [Pool-1-worker-1] o.a.k.clients.producer.KafkaProducer     : [Producer clientId=Spring demo-producer-1] Instantiated an idempotent producer.
2024-11-29T23:45:36.882+01:00  INFO 11615 --- [Spring demo] [Pool-1-worker-1] o.a.kafka.common.utils.AppInfoParser     : Kafka version: 3.7.1
2024-11-29T23:45:36.882+01:00  INFO 11615 --- [Spring demo] [Pool-1-worker-1] o.a.kafka.common.utils.AppInfoParser     : Kafka commitId: e2494e6ffb89f828
2024-11-29T23:45:36.882+01:00  INFO 11615 --- [Spring demo] [Pool-1-worker-1] o.a.kafka.common.utils.AppInfoParser     : Kafka startTimeMs: 1732920336881
2024-11-29T23:45:37.049+01:00  WARN 11615 --- [Spring demo] [demo-producer-1] org.apache.kafka.clients.NetworkClient   : [Producer clientId=Spring demo-producer-1] Error while fetching metadata with correlation id 1 : {product=UNKNOWN_TOPIC_OR_PARTITION}
2024-11-29T23:45:37.049+01:00  INFO 11615 --- [Spring demo] [demo-producer-1] org.apache.kafka.clients.Metadata        : [Producer clientId=Spring demo-producer-1] Cluster ID: 4L6g3nShT-eMCtK--X86sw
2024-11-29T23:45:37.160+01:00  INFO 11615 --- [Spring demo] [demo-producer-1] o.a.k.c.p.internals.TransactionManager   : [Producer clientId=Spring demo-producer-1] ProducerId set to 0 with epoch 0
2024-11-29T23:45:37.203+01:00  INFO 11615 --- [Spring demo] [Pool-1-worker-1] c.e.spring_demo.kafka.KafkaProducer      : send topic product payload {"id":1,"name":null,"price":0.0,"description":null}
]]></system-out>
  </testcase>
  <testcase name="validate_that_when_updating_product_product_is_updated" classname="com.example.spring_demo.integratieTests.ProductControllerTest" time="0.045">
    <system-out><![CDATA[2024-11-29T23:45:37.209+01:00  INFO 11615 --- [Spring demo] [Pool-1-worker-1] c.e.spring_demo.kafka.KafkaProducer      : send topic product payload {"id":2,"name":"test","price":2.0,"description":"description_1"}
2024-11-29T23:45:37.249+01:00  INFO 11615 --- [Spring demo] [Pool-1-worker-1] c.e.spring_demo.kafka.KafkaProducer      : send topic product payload {"id":2,"name":null,"price":0.0,"description":null}
]]></system-out>
  </testcase>
  <testcase name="validate_that_all_result_out_of_database_are_returned" classname="com.example.spring_demo.integratieTests.ProductControllerTest" time="0.017">
    <system-out><![CDATA[2024-11-29T23:45:37.254+01:00  INFO 11615 --- [Spring demo] [Pool-1-worker-1] c.e.spring_demo.kafka.KafkaProducer      : send topic product payload {"id":3,"name":"test_1","price":2.0,"description":"description_1"}
2024-11-29T23:45:37.255+01:00  INFO 11615 --- [Spring demo] [Pool-1-worker-1] c.e.spring_demo.kafka.KafkaProducer      : send topic product payload {"id":4,"name":"test_2","price":1.5,"description":"description_2"}
2024-11-29T23:45:37.256+01:00  INFO 11615 --- [Spring demo] [Pool-1-worker-1] c.e.spring_demo.kafka.KafkaProducer      : send topic product payload {"id":5,"name":"test_3","price":11.3,"description":"description_3"}
2024-11-29T23:45:37.266+01:00  INFO 11615 --- [Spring demo] [Pool-1-worker-1] c.e.spring_demo.kafka.KafkaProducer      : send topic product payload {"id":3,"name":null,"price":0.0,"description":null}
2024-11-29T23:45:37.267+01:00  INFO 11615 --- [Spring demo] [Pool-1-worker-1] c.e.spring_demo.kafka.KafkaProducer      : send topic product payload {"id":4,"name":null,"price":0.0,"description":null}
2024-11-29T23:45:37.268+01:00  INFO 11615 --- [Spring demo] [Pool-1-worker-1] c.e.spring_demo.kafka.KafkaProducer      : send topic product payload {"id":5,"name":null,"price":0.0,"description":null}
]]></system-out>
  </testcase>
  <testcase name="validate_that_when_searching_item_is_saved_and_correct_result_is_returned" classname="com.example.spring_demo.integratieTests.ProductControllerTest" time="0.01">
    <system-out><![CDATA[2024-11-29T23:45:37.274+01:00  INFO 11615 --- [Spring demo] [Pool-1-worker-1] c.e.spring_demo.kafka.KafkaProducer      : send topic product payload {"id":6,"name":"test_name","price":3.3,"description":"description_test"}
2024-11-29T23:45:37.278+01:00  INFO 11615 --- [Spring demo] [Pool-1-worker-1] c.e.spring_demo.kafka.KafkaProducer      : send topic product payload {"id":6,"name":null,"price":0.0,"description":null}
]]></system-out>
  </testcase>
  <testcase name="validate_that_when_trying_to_update_non_existing_product_404_not_found_http_is_returned" classname="com.example.spring_demo.integratieTests.ProductControllerTest" time="0.006"/>
  <testcase name="validate_that_when_searching_on_existing_id_item_is_returend" classname="com.example.spring_demo.integratieTests.ProductControllerTest" time="0.012">
    <system-out><![CDATA[2024-11-29T23:45:37.290+01:00  INFO 11615 --- [Spring demo] [Pool-1-worker-1] c.e.spring_demo.kafka.KafkaProducer      : send topic product payload {"id":7,"name":"test","price":2.0,"description":"description_1"}
2024-11-29T23:45:37.297+01:00  INFO 11615 --- [Spring demo] [Pool-1-worker-1] c.e.spring_demo.kafka.KafkaProducer      : send topic product payload {"id":7,"name":null,"price":0.0,"description":null}
]]></system-out>
  </testcase>
</testsuite>