<?xml version="1.0" encoding="UTF-8"?>
<testsuite xmlns:xsi="http://www.w3.org/2001/XMLSchema-instance" xsi:noNamespaceSchemaLocation="https://maven.apache.org/surefire/maven-surefire-plugin/xsd/surefire-test-report-3.0.xsd" version="3.0" name="com.example.spring_demo.integratieTests.ProductController3Test" time="7.206" tests="7" errors="0" skipped="0" failures="0">
  <properties>
[...]
</properties>
  <testcase name="validate_that_when_searching_on_non_existing_number_gives_not_found_http_response" classname="com.example.spring_demo.integratieTests.ProductController3Test" time="0.577">
    <system-out><![CDATA[08:25:01.011 [main] INFO org.springframework.test.context.support.AnnotationConfigContextLoaderUtils -- Could not detect default configuration classes for test class [com.example.spring_demo.integratieTests.ProductController3Test]: ProductController3Test does not declare any static, non-private, non-final, nested classes annotated with @Configuration.
08:25:01.045 [main] INFO org.testcontainers.images.PullPolicy -- Image pull policy will be performed by: DefaultPullPolicy()
08:25:01.046 [main] INFO org.testcontainers.utility.ImageNameSubstitutor -- Image name substitution will be performed by: DefaultImageNameSubstitutor (composite of 'ConfigurationFileImageNameSubstitutor' and 'PrefixingImageNameSubstitutor')
08:25:01.319 [main] INFO org.testcontainers.dockerclient.DockerClientProviderStrategy -- Found Docker environment with Testcontainers Host with tc.host=tcp://127.0.0.1:63364
08:25:01.320 [main] INFO org.testcontainers.DockerClientFactory -- Docker host IP address is 127.0.0.1
08:25:01.338 [main] INFO org.testcontainers.DockerClientFactory -- Connected to docker: 
  Server Version: 27.3.1 (via Testcontainers Desktop 1.18.0)
  API Version: 1.47
  Operating System: Docker Desktop
  Total Memory: 7837 MB
08:25:01.341 [main] INFO org.testcontainers.DockerClientFactory -- Checking the system...
08:25:01.342 [main] INFO org.testcontainers.DockerClientFactory -- ✔︎ Docker server version should be at least 1.6.0
08:25:01.412 [main] INFO org.springframework.boot.test.context.SpringBootTestContextBootstrapper -- Found @SpringBootConfiguration com.example.spring_demo.SpringDemoApplication for test class com.example.spring_demo.integratieTests.ProductController3Test
08:25:01.471 [main] INFO tc.apache/kafka:latest -- Creating container for image: apache/kafka:latest
08:25:01.592 [main] INFO tc.testcontainers/ryuk:0.7.0 -- Creating container for image: testcontainers/ryuk:0.7.0
08:25:01.666 [main] INFO tc.testcontainers/ryuk:0.7.0 -- Container testcontainers/ryuk:0.7.0 is starting: e188592a48a8b230b7cabc9741662543c9c9243d19b03d192a11bf861161eee8
08:25:01.888 [main] INFO tc.testcontainers/ryuk:0.7.0 -- Container testcontainers/ryuk:0.7.0 started in PT0.296122S
08:25:01.932 [main] INFO tc.apache/kafka:latest -- Container apache/kafka:latest is starting: daac23abb38b1b34fac4e1916b3de78235e37db5b7cc57cb5d7b6f9b37644b6c
08:25:03.831 [main] INFO tc.apache/kafka:latest -- Container apache/kafka:latest started in PT2.36005S
08:25:03.832 [main] INFO tc.postgres:17-alpine -- Creating container for image: postgres:17-alpine
08:25:03.860 [main] INFO tc.postgres:17-alpine -- Container postgres:17-alpine is starting: e1412fbf27f677b89093d96cc488ea31bd7c1597613739c448c33b1485701eca
08:25:04.830 [main] INFO tc.postgres:17-alpine -- Container postgres:17-alpine started in PT0.998015S
08:25:04.830 [main] INFO tc.postgres:17-alpine -- Container is started (JDBC URL: jdbc:postgresql://127.0.0.1:56775/test?loggerLevel=OFF)

  .   ____          _            __ _ _
 /\\ / ___'_ __ _ _(_)_ __  __ _ \ \ \ \
( ( )\___ | '_ | '_| | '_ \/ _` | \ \ \ \
 \\/  ___)| |_)| | | | | || (_| |  ) ) ) )
  '  |____| .__|_| |_|_| |_\__, | / / / /
 =========|_|==============|___/=/_/_/_/

 :: Spring Boot ::                (v3.3.5)

2024-11-30T08:25:05.002+01:00  INFO 13088 --- [Spring demo] [           main] c.e.s.i.ProductController3Test           : Starting ProductController3Test using Java 21.0.4 with PID 13088 (started by stefanvanechtelt in /Users/stefanvanechtelt/Documents/projects/java_magazine_testcontainers/spring-demo/Spring demo)
2024-11-30T08:25:05.002+01:00  INFO 13088 --- [Spring demo] [           main] c.e.s.i.ProductController3Test           : No active profile set, falling back to 1 default profile: "default"
2024-11-30T08:25:05.328+01:00  INFO 13088 --- [Spring demo] [           main] .s.d.r.c.RepositoryConfigurationDelegate : Bootstrapping Spring Data JPA repositories in DEFAULT mode.
2024-11-30T08:25:05.362+01:00  INFO 13088 --- [Spring demo] [           main] .s.d.r.c.RepositoryConfigurationDelegate : Finished Spring Data repository scanning in 30 ms. Found 1 JPA repository interface.
2024-11-30T08:25:05.600+01:00  INFO 13088 --- [Spring demo] [           main] o.hibernate.jpa.internal.util.LogHelper  : HHH000204: Processing PersistenceUnitInfo [name: default]
2024-11-30T08:25:05.635+01:00  INFO 13088 --- [Spring demo] [           main] org.hibernate.Version                    : HHH000412: Hibernate ORM core version 6.5.3.Final
2024-11-30T08:25:05.650+01:00  INFO 13088 --- [Spring demo] [           main] o.h.c.internal.RegionFactoryInitiator    : HHH000026: Second-level cache disabled
2024-11-30T08:25:05.780+01:00  INFO 13088 --- [Spring demo] [           main] o.s.o.j.p.SpringPersistenceUnitInfo      : No LoadTimeWeaver setup: ignoring JPA class transformer
2024-11-30T08:25:05.794+01:00  INFO 13088 --- [Spring demo] [           main] com.zaxxer.hikari.HikariDataSource       : HikariPool-1 - Starting...
2024-11-30T08:25:05.903+01:00  INFO 13088 --- [Spring demo] [           main] com.zaxxer.hikari.pool.HikariPool        : HikariPool-1 - Added connection org.postgresql.jdbc.PgConnection@470f0637
2024-11-30T08:25:05.904+01:00  INFO 13088 --- [Spring demo] [           main] com.zaxxer.hikari.HikariDataSource       : HikariPool-1 - Start completed.
2024-11-30T08:25:06.481+01:00  INFO 13088 --- [Spring demo] [           main] o.h.e.t.j.p.i.JtaPlatformInitiator       : HHH000489: No JTA platform available (set 'hibernate.transaction.jta.platform' to enable JTA platform integration)
2024-11-30T08:25:06.515+01:00  INFO 13088 --- [Spring demo] [           main] j.LocalContainerEntityManagerFactoryBean : Initialized JPA EntityManagerFactory for persistence unit 'default'
2024-11-30T08:25:06.730+01:00  WARN 13088 --- [Spring demo] [           main] JpaBaseConfiguration$JpaWebConfiguration : spring.jpa.open-in-view is enabled by default. Therefore, database queries may be performed during view rendering. Explicitly configure spring.jpa.open-in-view to disable this warning
2024-11-30T08:25:06.938+01:00  INFO 13088 --- [Spring demo] [           main] o.s.b.t.m.w.SpringBootMockServletContext : Initializing Spring TestDispatcherServlet ''
2024-11-30T08:25:06.938+01:00  INFO 13088 --- [Spring demo] [           main] o.s.t.web.servlet.TestDispatcherServlet  : Initializing Servlet ''
2024-11-30T08:25:06.939+01:00  INFO 13088 --- [Spring demo] [           main] o.s.t.web.servlet.TestDispatcherServlet  : Completed initialization in 0 ms
2024-11-30T08:25:06.951+01:00  INFO 13088 --- [Spring demo] [           main] c.e.s.i.ProductController3Test           : Started ProductController3Test in 2.091 seconds (process running for 6.377)
]]></system-out>
    <system-err><![CDATA[Nov 30, 2024 8:25:00 AM org.junit.platform.launcher.core.LauncherConfigurationParameters loadClasspathResource
WARNING: Discovered 3 'junit-platform.properties' configuration files in the classpath; only the first will be used.
Nov 30, 2024 8:25:00 AM org.junit.platform.launcher.core.LauncherConfigurationParameters loadClasspathResource
WARNING: Discovered 3 'junit-platform.properties' configuration files in the classpath; only the first will be used.
Nov 30, 2024 8:25:00 AM org.junit.platform.launcher.core.LauncherConfigurationParameters loadClasspathResource
WARNING: Discovered 3 'junit-platform.properties' configuration files in the classpath; only the first will be used.
Nov 30, 2024 8:25:00 AM org.junit.platform.launcher.core.LauncherConfigurationParameters loadClasspathResource
WARNING: Discovered 3 'junit-platform.properties' configuration files in the classpath; only the first will be used.
Nov 30, 2024 8:25:00 AM org.junit.platform.launcher.core.LauncherConfigurationParameters loadClasspathResource
WARNING: Discovered 3 'junit-platform.properties' configuration files in the classpath; only the first will be used.
Nov 30, 2024 8:25:00 AM org.junit.platform.launcher.core.LauncherConfigurationParameters loadClasspathResource
WARNING: Discovered 3 'junit-platform.properties' configuration files in the classpath; only the first will be used.
Nov 30, 2024 8:25:00 AM org.junit.platform.launcher.core.LauncherConfigurationParameters loadClasspathResource
WARNING: Discovered 3 'junit-platform.properties' configuration files in the classpath; only the first will be used.
WARNING: A Java agent has been loaded dynamically (/Users/stefanvanechtelt/.m2/repository/net/bytebuddy/byte-buddy-agent/1.14.19/byte-buddy-agent-1.14.19.jar)
WARNING: If a serviceability tool is in use, please run with -XX:+EnableDynamicAgentLoading to hide this warning
WARNING: If a serviceability tool is not in use, please run with -Djdk.instrument.traceUsage for more information
WARNING: Dynamic loading of agents will be disallowed by default in a future release
]]></system-err>
  </testcase>
  <testcase name="validate_that_when_deleting_item_200_response_is_returned" classname="com.example.spring_demo.integratieTests.ProductController3Test" time="0.123"/>
  <testcase name="validate_that_when_updating_product_product_is_updated" classname="com.example.spring_demo.integratieTests.ProductController3Test" time="0.089"/>
  <testcase name="validate_that_all_result_out_of_database_are_returned" classname="com.example.spring_demo.integratieTests.ProductController3Test" time="0.022"/>
  <testcase name="validate_that_when_searching_item_is_saved_and_correct_result_is_returned" classname="com.example.spring_demo.integratieTests.ProductController3Test" time="0.016"/>
  <testcase name="validate_that_when_trying_to_update_non_existing_product_404_not_found_http_is_returned" classname="com.example.spring_demo.integratieTests.ProductController3Test" time="0.01"/>
  <testcase name="validate_that_when_searching_on_existing_id_item_is_returend" classname="com.example.spring_demo.integratieTests.ProductController3Test" time="0.011"/>
</testsuite>